Using pre-set license
Built from '2020.3/staging' branch; Version is '2020.3.19f1 (68f137dc9bbe) revision 6877495'; Using compiler version '192528614'; Build Type 'Release'
OS: 'Windows 10 Pro; OS build 19042.1348; Version 2009; 64bit' Language: 'tr' Physical Memory: 16242 MB
BatchMode: 1, IsHumanControllingUs: 0, StartBugReporterOnCrash: 0, Is64bit: 1, IsPro: 0

COMMAND LINE ARGUMENTS:
C:\Program Files\Unity\Hub\Editor\2018.4.20f1\Editor\Unity.exe
-adb2
-batchMode
-noUpm
-name
AssetImportWorker0
-projectPath
C:/Users/Bugra/TowerDefensTot
-logFile
Logs/AssetImportWorker0.log
-srvPort
57063
Successfully changed project path to: C:/Users/Bugra/TowerDefensTot
C:/Users/Bugra/TowerDefensTot
Using Asset Import Pipeline V2.
Refreshing native plugins compatible for Editor in 85.52 ms, found 2 plugins.
Preloading 0 native plugins for Editor in 0.00 ms.
Initialize engine version: 2020.3.19f1 (68f137dc9bbe)
[Subsystems] Discovering subsystems at path C:/Program Files/Unity/Hub/Editor/2018.4.20f1/Editor/Data/Resources/UnitySubsystems
[Subsystems] Discovering subsystems at path C:/Users/Bugra/TowerDefensTot/Assets
GfxDevice: creating device client; threaded=0
Direct3D:
    Version:  Direct3D 11.0 [level 11.1]
    Renderer: NVIDIA GeForce GTX 1650 (ID=0x1f91)
    Vendor:   
    VRAM:     3962 MB
    Driver:   27.21.14.6089
Initialize mono
Mono path[0] = 'C:/Program Files/Unity/Hub/Editor/2018.4.20f1/Editor/Data/Managed'
Mono path[1] = 'C:/Program Files/Unity/Hub/Editor/2018.4.20f1/Editor/Data/MonoBleedingEdge/lib/mono/unityjit'
Mono config path = 'C:/Program Files/Unity/Hub/Editor/2018.4.20f1/Editor/Data/MonoBleedingEdge/etc'
Using monoOptions --debugger-agent=transport=dt_socket,embedding=1,server=y,suspend=n,address=127.0.0.1:56932
Begin MonoManager ReloadAssembly
Registering precompiled unity dll's ...
Register platform support module: C:/Program Files/Unity/Hub/Editor/2018.4.20f1/Editor/Data/PlaybackEngines/WindowsStandaloneSupport/UnityEditor.WindowsStandalone.Extensions.dll
Registered in 0.003993 seconds.
Native extension for WindowsStandalone target not found
Refreshing native plugins compatible for Editor in 48.20 ms, found 2 plugins.
Preloading 0 native plugins for Editor in 0.00 ms.
Mono: successfully reloaded assembly
- Completed reload, in  2.236 seconds
Domain Reload Profiling:
	ReloadAssembly (2236ms)
		BeginReloadAssembly (133ms)
			ExecutionOrderSort (0ms)
			DisableScriptedObjects (0ms)
			BackupInstance (0ms)
			ReleaseScriptingObjects (0ms)
			CreateAndSetChildDomain (2ms)
		EndReloadAssembly (757ms)
			LoadAssemblies (128ms)
			RebuildTransferFunctionScriptingTraits (0ms)
			SetupTypeCache (312ms)
			ReleaseScriptCaches (0ms)
			RebuildScriptCaches (50ms)
			SetupLoadedEditorAssemblies (265ms)
				LogAssemblyErrors (0ms)
				InitializePlatformSupportModulesInManaged (7ms)
				SetLoadedEditorAssemblies (0ms)
				RefreshPlugins (48ms)
				BeforeProcessingInitializeOnLoad (29ms)
				ProcessInitializeOnLoadAttributes (134ms)
				ProcessInitializeOnLoadMethodAttributes (46ms)
				AfterProcessingInitializeOnLoad (0ms)
				EditorAssembliesLoaded (0ms)
			ExecutionOrderSort2 (0ms)
			AwakeInstancesAfterBackupRestoration (0ms)
Platform modules already initialized, skipping
Registering precompiled user dll's ...
Registered in 0.003824 seconds.
Begin MonoManager ReloadAssembly
Native extension for WindowsStandalone target not found
Refreshing native plugins compatible for Editor in 0.49 ms, found 2 plugins.
Preloading 0 native plugins for Editor in 0.00 ms.
Mono: successfully reloaded assembly
- Completed reload, in  2.287 seconds
Domain Reload Profiling:
	ReloadAssembly (2289ms)
		BeginReloadAssembly (424ms)
			ExecutionOrderSort (0ms)
			DisableScriptedObjects (14ms)
			BackupInstance (0ms)
			ReleaseScriptingObjects (0ms)
			CreateAndSetChildDomain (57ms)
		EndReloadAssembly (1718ms)
			LoadAssemblies (178ms)
			RebuildTransferFunctionScriptingTraits (0ms)
			SetupTypeCache (528ms)
			ReleaseScriptCaches (0ms)
			RebuildScriptCaches (67ms)
			SetupLoadedEditorAssemblies (790ms)
				LogAssemblyErrors (0ms)
				InitializePlatformSupportModulesInManaged (9ms)
				SetLoadedEditorAssemblies (1ms)
				RefreshPlugins (1ms)
				BeforeProcessingInitializeOnLoad (138ms)
				ProcessInitializeOnLoadAttributes (616ms)
				ProcessInitializeOnLoadMethodAttributes (9ms)
				AfterProcessingInitializeOnLoad (15ms)
				EditorAssembliesLoaded (0ms)
			ExecutionOrderSort2 (0ms)
			AwakeInstancesAfterBackupRestoration (15ms)
Platform modules already initialized, skipping
========================================================================
Worker process is ready to serve import requests
Launched and connected shader compiler UnityShaderCompiler.exe after 0.07 seconds
Refreshing native plugins compatible for Editor in 0.33 ms, found 2 plugins.
Preloading 0 native plugins for Editor in 0.00 ms.
Unloading 1402 Unused Serialized files (Serialized files now loaded: 0)
System memory in use before: 65.2 MB.
System memory in use after: 65.3 MB.

Unloading 16 unused Assets to reduce memory usage. Loaded Objects now: 1839.
Total: 3.586000 ms (FindLiveObjects: 0.150300 ms CreateObjectMapping: 0.039600 ms MarkObjects: 3.233600 ms  DeleteObjects: 0.161600 ms)

AssetImportParameters requested are different than current active one (requested -> active):
  custom:framework-win-MediaFoundation: 216162199b28c13a410421893ffa2e32 -> 
  custom:video-decoder-ogg-theora: a1e56fd34408186e4bbccfd4996cb3dc -> 
  custom:container-muxer-webm: aa71ff27fc2769a1b78a27578f13a17b -> 
  custom:container-demuxer-webm: 4f35f7cbe854078d1ac9338744f61a02 -> 
  custom:container-demuxer-ogg: 62fdf1f143b41e24485cea50d1cbac27 -> 
  custom:video-encoder-webm-vp8: eb34c28f22e8b96e1ab97ce403110664 -> 
  custom:video-decoder-webm-vp8: 9c59270c3fd7afecdb556c50c9e8de78 -> 
  custom:audio-decoder-ogg-vorbis: bf7c407c2cedff20999df2af8eb42d56 -> 
  custom:audio-encoder-webm-vorbis: bf7c407c2cedff20999df2af8eb42d56 -> 
========================================================================
Received Import Request.
  path: Assets/Textures/TexturesCom_Rock_SandySoil_1K_albedo.tif
  artifactKey: Guid(d8fe2783aad64224f9ab6e92184bf409) Importer(815301076,1909f56bfc062723c751e8b465ee728b)
Start importing Assets/Textures/TexturesCom_Rock_SandySoil_1K_albedo.tif using Guid(d8fe2783aad64224f9ab6e92184bf409) Importer(815301076,1909f56bfc062723c751e8b465ee728b)  -> (artifact id: '6d20cb90fad5dd30aab5bbe1ff633eb0') in 0.117279 seconds 
  Import took 0.121361 seconds .

========================================================================
Received Import Request.
  Time since last request: 7.353070 seconds.
  path: Assets/Textures/TexturesCom_Rock_SandySoil_1K_ao.tif
  artifactKey: Guid(8f6631892ac07d04c80cc92dd3b8c010) Importer(815301076,1909f56bfc062723c751e8b465ee728b)
Start importing Assets/Textures/TexturesCom_Rock_SandySoil_1K_ao.tif using Guid(8f6631892ac07d04c80cc92dd3b8c010) Importer(815301076,1909f56bfc062723c751e8b465ee728b)  -> (artifact id: 'e46e1dcd96a89485f8a84516c144c3ae') in 0.011142 seconds 
  Import took 0.014743 seconds .

========================================================================
Received Import Request.
  Time since last request: 0.691334 seconds.
  path: Assets/Textures/TexturesCom_Rock_SandySoil_1K_height.tif
  artifactKey: Guid(1641cc95132a1c948aed6679bfd707df) Importer(815301076,1909f56bfc062723c751e8b465ee728b)
Start importing Assets/Textures/TexturesCom_Rock_SandySoil_1K_height.tif using Guid(1641cc95132a1c948aed6679bfd707df) Importer(815301076,1909f56bfc062723c751e8b465ee728b)  -> (artifact id: '569cad6690bd0a940e2b3ca4fe88aad1') in 0.009334 seconds 
  Import took 0.013119 seconds .

========================================================================
Received Import Request.
  Time since last request: 3.342192 seconds.
  path: Assets/Textures/TexturesCom_Rock_SandySoil_1K_ao.tif
  artifactKey: Guid(8f6631892ac07d04c80cc92dd3b8c010) Importer(815301076,1909f56bfc062723c751e8b465ee728b)
Start importing Assets/Textures/TexturesCom_Rock_SandySoil_1K_ao.tif using Guid(8f6631892ac07d04c80cc92dd3b8c010) Importer(815301076,1909f56bfc062723c751e8b465ee728b)  -> (artifact id: '6ee214f2b6688a2725bee15259150f29') in 0.029568 seconds 
  Import took 0.039432 seconds .

========================================================================
Received Import Request.
  Time since last request: 4.816659 seconds.
  path: Assets/Textures/TexturesCom_Rock_SandySoil_1K_height.tif
  artifactKey: Guid(1641cc95132a1c948aed6679bfd707df) Importer(815301076,1909f56bfc062723c751e8b465ee728b)
Start importing Assets/Textures/TexturesCom_Rock_SandySoil_1K_height.tif using Guid(1641cc95132a1c948aed6679bfd707df) Importer(815301076,1909f56bfc062723c751e8b465ee728b)  -> (artifact id: 'e444873290e90e0de34a8f4eda1b8208') in 0.012566 seconds 
  Import took 0.015668 seconds .

========================================================================
Received Import Request.
  Time since last request: 1.313186 seconds.
  path: Assets/Textures/TexturesCom_Rock_SandySoil_1K_normal.tif
  artifactKey: Guid(4023cd6f899dd804d83ae55889f9399a) Importer(815301076,1909f56bfc062723c751e8b465ee728b)
Start importing Assets/Textures/TexturesCom_Rock_SandySoil_1K_normal.tif using Guid(4023cd6f899dd804d83ae55889f9399a) Importer(815301076,1909f56bfc062723c751e8b465ee728b)  -> (artifact id: '7f90563ed224eea88a4b38409615d825') in 0.009624 seconds 
  Import took 0.013591 seconds .

========================================================================
Received Import Request.
  Time since last request: 2.841940 seconds.
  path: Assets/Textures/TexturesCom_Rock_SandySoil_1K_normal.tif
  artifactKey: Guid(4023cd6f899dd804d83ae55889f9399a) Importer(815301076,1909f56bfc062723c751e8b465ee728b)
Start importing Assets/Textures/TexturesCom_Rock_SandySoil_1K_normal.tif using Guid(4023cd6f899dd804d83ae55889f9399a) Importer(815301076,1909f56bfc062723c751e8b465ee728b)  -> (artifact id: '69bbefec9337da3033a11613bc10ff89') in 0.011317 seconds 
  Import took 0.018064 seconds .

========================================================================
Received Import Request.
  Time since last request: 2.426672 seconds.
  path: Assets/Textures/TexturesCom_Rock_SandySoil_1K_roughness.tif
  artifactKey: Guid(fdde387e6facc854d99a4edf4d5e9e74) Importer(815301076,1909f56bfc062723c751e8b465ee728b)
Start importing Assets/Textures/TexturesCom_Rock_SandySoil_1K_roughness.tif using Guid(fdde387e6facc854d99a4edf4d5e9e74) Importer(815301076,1909f56bfc062723c751e8b465ee728b)  -> (artifact id: 'b31afc0a731e2105789ff133f19c1f4d') in 0.009546 seconds 
  Import took 0.013524 seconds .

========================================================================
Received Import Request.
  Time since last request: 3.131509 seconds.
  path: Assets/Textures/TexturesCom_Rock_SandySoil_1K_roughness.tif
  artifactKey: Guid(fdde387e6facc854d99a4edf4d5e9e74) Importer(815301076,1909f56bfc062723c751e8b465ee728b)
Start importing Assets/Textures/TexturesCom_Rock_SandySoil_1K_roughness.tif using Guid(fdde387e6facc854d99a4edf4d5e9e74) Importer(815301076,1909f56bfc062723c751e8b465ee728b)  -> (artifact id: '214794c61303984be2d04a7b1ab65b09') in 0.009928 seconds 
  Import took 0.013951 seconds .

========================================================================
Received Import Request.
  Time since last request: 152.112832 seconds.
  path: Assets/Textures/TexturesCom_Rock_SandySoil_1K_roughness.tif
  artifactKey: Guid(fdde387e6facc854d99a4edf4d5e9e74) Importer(815301076,1909f56bfc062723c751e8b465ee728b)
Start importing Assets/Textures/TexturesCom_Rock_SandySoil_1K_roughness.tif using Guid(fdde387e6facc854d99a4edf4d5e9e74) Importer(815301076,1909f56bfc062723c751e8b465ee728b)  -> (artifact id: 'e728ce1957bd5aa3a24c6699f566f274') in 0.019823 seconds 
  Import took 0.027733 seconds .

========================================================================
Received Import Request.
  Time since last request: 171.937432 seconds.
  path: Assets/Prefaps/Node.prefab
  artifactKey: Guid(1bd712f569999434f8b7e360cec73b4a) Importer(815301076,1909f56bfc062723c751e8b465ee728b)
Start importing Assets/Prefaps/Node.prefab using Guid(1bd712f569999434f8b7e360cec73b4a) Importer(815301076,1909f56bfc062723c751e8b465ee728b)  -> (artifact id: '394e231fe21f746705b25cba32c858be') in 0.054349 seconds 
  Import took 0.059045 seconds .

========================================================================
Received Import Request.
  Time since last request: 161.295908 seconds.
  path: Assets/Textures
  artifactKey: Guid(7e99da22f2f695845ad97b63a1de64b6) Importer(815301076,1909f56bfc062723c751e8b465ee728b)
Start importing Assets/Textures using Guid(7e99da22f2f695845ad97b63a1de64b6) Importer(815301076,1909f56bfc062723c751e8b465ee728b)  -> (artifact id: '1cc0e8f489d22163d8cdd49c2e7cf0ac') in 0.001992 seconds 
  Import took 0.005843 seconds .

========================================================================
Received Import Request.
  Time since last request: 18.197151 seconds.
  path: Assets/Textures/TexturesCom_Wall_CobblestoneMixed13_2x2_1K_albedo.tif
  artifactKey: Guid(f5b5162d8391efc429318a38fac1012f) Importer(815301076,1909f56bfc062723c751e8b465ee728b)
Start importing Assets/Textures/TexturesCom_Wall_CobblestoneMixed13_2x2_1K_albedo.tif using Guid(f5b5162d8391efc429318a38fac1012f) Importer(815301076,1909f56bfc062723c751e8b465ee728b)  -> (artifact id: '81995c17890ee436b4f7e747716636b6') in 0.011598 seconds 
  Import took 0.017628 seconds .

========================================================================
Received Import Request.
  Time since last request: 2.555778 seconds.
  path: Assets/Textures/TexturesCom_Wall_CobblestoneMixed13_2x2_1K_albedo.tif
  artifactKey: Guid(f5b5162d8391efc429318a38fac1012f) Importer(815301076,1909f56bfc062723c751e8b465ee728b)
Start importing Assets/Textures/TexturesCom_Wall_CobblestoneMixed13_2x2_1K_albedo.tif using Guid(f5b5162d8391efc429318a38fac1012f) Importer(815301076,1909f56bfc062723c751e8b465ee728b)  -> (artifact id: '6579d870c1cc82d5ef8b4f04e74d059b') in 0.011960 seconds 
  Import took 0.016868 seconds .

========================================================================
Received Import Request.
  Time since last request: 1.082912 seconds.
  path: Assets/Textures/TexturesCom_Wall_CobblestoneMixed13_2x2_1K_ao.tif
  artifactKey: Guid(687146ab5b245764ea131a04c6856629) Importer(815301076,1909f56bfc062723c751e8b465ee728b)
Start importing Assets/Textures/TexturesCom_Wall_CobblestoneMixed13_2x2_1K_ao.tif using Guid(687146ab5b245764ea131a04c6856629) Importer(815301076,1909f56bfc062723c751e8b465ee728b)  -> (artifact id: 'dce1b2468858758bce28bfec090eabb9') in 0.009293 seconds 
  Import took 0.012296 seconds .

========================================================================
Received Import Request.
  Time since last request: 2.486969 seconds.
  path: Assets/Textures/TexturesCom_Wall_CobblestoneMixed13_2x2_1K_ao.tif
  artifactKey: Guid(687146ab5b245764ea131a04c6856629) Importer(815301076,1909f56bfc062723c751e8b465ee728b)
Start importing Assets/Textures/TexturesCom_Wall_CobblestoneMixed13_2x2_1K_ao.tif using Guid(687146ab5b245764ea131a04c6856629) Importer(815301076,1909f56bfc062723c751e8b465ee728b)  -> (artifact id: '4c257b8c0c32567b2024234d787e4649') in 0.013563 seconds 
  Import took 0.017332 seconds .

========================================================================
Received Import Request.
  Time since last request: 1.094635 seconds.
  path: Assets/Textures/TexturesCom_Wall_CobblestoneMixed13_2x2_1K_height.tif
  artifactKey: Guid(9a2054fe37559c74a908540a1e8504b0) Importer(815301076,1909f56bfc062723c751e8b465ee728b)
Start importing Assets/Textures/TexturesCom_Wall_CobblestoneMixed13_2x2_1K_height.tif using Guid(9a2054fe37559c74a908540a1e8504b0) Importer(815301076,1909f56bfc062723c751e8b465ee728b)  -> (artifact id: 'ae2a3179cae056546f61555baea52475') in 0.008693 seconds 
  Import took 0.012941 seconds .

========================================================================
Received Import Request.
  Time since last request: 3.676356 seconds.
  path: Assets/Textures/TexturesCom_Wall_CobblestoneMixed13_2x2_1K_height.tif
  artifactKey: Guid(9a2054fe37559c74a908540a1e8504b0) Importer(815301076,1909f56bfc062723c751e8b465ee728b)
Start importing Assets/Textures/TexturesCom_Wall_CobblestoneMixed13_2x2_1K_height.tif using Guid(9a2054fe37559c74a908540a1e8504b0) Importer(815301076,1909f56bfc062723c751e8b465ee728b)  -> (artifact id: '34e818156804459158e12de063f5bf25') in 0.010134 seconds 
  Import took 0.013663 seconds .

========================================================================
Received Import Request.
  Time since last request: 0.825797 seconds.
  path: Assets/Textures/TexturesCom_Wall_CobblestoneMixed13_2x2_1K_normal.tif
  artifactKey: Guid(b809a284201ff4f4aa150bf298894d0c) Importer(815301076,1909f56bfc062723c751e8b465ee728b)
Start importing Assets/Textures/TexturesCom_Wall_CobblestoneMixed13_2x2_1K_normal.tif using Guid(b809a284201ff4f4aa150bf298894d0c) Importer(815301076,1909f56bfc062723c751e8b465ee728b)  -> (artifact id: '863ff3041582b3e4a7c2366f17e3e13a') in 0.010443 seconds 
  Import took 0.014635 seconds .

========================================================================
Received Import Request.
  Time since last request: 2.526071 seconds.
  path: Assets/Textures/TexturesCom_Wall_CobblestoneMixed13_2x2_1K_normal.tif
  artifactKey: Guid(b809a284201ff4f4aa150bf298894d0c) Importer(815301076,1909f56bfc062723c751e8b465ee728b)
Start importing Assets/Textures/TexturesCom_Wall_CobblestoneMixed13_2x2_1K_normal.tif using Guid(b809a284201ff4f4aa150bf298894d0c) Importer(815301076,1909f56bfc062723c751e8b465ee728b)  -> (artifact id: '0eb9591a11fb516c97f1a5a91c9f364a') in 0.014271 seconds 
  Import took 0.018485 seconds .

========================================================================
Received Import Request.
  Time since last request: 0.823629 seconds.
  path: Assets/Textures/TexturesCom_Wall_CobblestoneMixed13_2x2_1K_roughness.tif
  artifactKey: Guid(c253a83b7e9f06044aaae1e25622c64f) Importer(815301076,1909f56bfc062723c751e8b465ee728b)
Start importing Assets/Textures/TexturesCom_Wall_CobblestoneMixed13_2x2_1K_roughness.tif using Guid(c253a83b7e9f06044aaae1e25622c64f) Importer(815301076,1909f56bfc062723c751e8b465ee728b)  -> (artifact id: '6f2e5bc4f8a3a2a0662ef1d4899bd164') in 0.009252 seconds 
  Import took 0.012065 seconds .

========================================================================
Received Import Request.
  Time since last request: 2.981310 seconds.
  path: Assets/Textures/TexturesCom_Wall_CobblestoneMixed13_2x2_1K_roughness.tif
  artifactKey: Guid(c253a83b7e9f06044aaae1e25622c64f) Importer(815301076,1909f56bfc062723c751e8b465ee728b)
Start importing Assets/Textures/TexturesCom_Wall_CobblestoneMixed13_2x2_1K_roughness.tif using Guid(c253a83b7e9f06044aaae1e25622c64f) Importer(815301076,1909f56bfc062723c751e8b465ee728b)  -> (artifact id: '34475d51ed8f63c5b423a59aa92076db') in 0.027231 seconds 
  Import took 0.035473 seconds .

========================================================================
Received Import Request.
  Time since last request: 321.373998 seconds.
  path: Assets/Textures/TexturesCom_Wall_CobblestoneMixed13_2x2_1K_albedo.tif
  artifactKey: Guid(f5b5162d8391efc429318a38fac1012f) Importer(815301076,1909f56bfc062723c751e8b465ee728b)
Start importing Assets/Textures/TexturesCom_Wall_CobblestoneMixed13_2x2_1K_albedo.tif using Guid(f5b5162d8391efc429318a38fac1012f) Importer(815301076,1909f56bfc062723c751e8b465ee728b)  -> (artifact id: '954e88a8979d0af3cd4e92d11e9fe785') in 0.020494 seconds 
  Import took 0.025666 seconds .

========================================================================
Received Import Request.
  Time since last request: 5.044706 seconds.
  path: Assets/Textures/TexturesCom_Wall_CobblestoneMixed13_2x2_1K_ao.tif
  artifactKey: Guid(687146ab5b245764ea131a04c6856629) Importer(815301076,1909f56bfc062723c751e8b465ee728b)
Start importing Assets/Textures/TexturesCom_Wall_CobblestoneMixed13_2x2_1K_ao.tif using Guid(687146ab5b245764ea131a04c6856629) Importer(815301076,1909f56bfc062723c751e8b465ee728b)  -> (artifact id: 'a1da7998e90b6e649332cbec0f1e5fb3') in 0.018450 seconds 
  Import took 0.026477 seconds .

========================================================================
Received Import Request.
  Time since last request: 3.574334 seconds.
  path: Assets/Textures/TexturesCom_Wall_CobblestoneMixed13_2x2_1K_height.tif
  artifactKey: Guid(9a2054fe37559c74a908540a1e8504b0) Importer(815301076,1909f56bfc062723c751e8b465ee728b)
Start importing Assets/Textures/TexturesCom_Wall_CobblestoneMixed13_2x2_1K_height.tif using Guid(9a2054fe37559c74a908540a1e8504b0) Importer(815301076,1909f56bfc062723c751e8b465ee728b)  -> (artifact id: '2e9f9683255ed43adf127c3974527f5f') in 0.019940 seconds 
  Import took 0.027946 seconds .

========================================================================
Received Import Request.
  Time since last request: 3.671474 seconds.
  path: Assets/Textures/TexturesCom_Wall_CobblestoneMixed13_2x2_1K_normal.tif
  artifactKey: Guid(b809a284201ff4f4aa150bf298894d0c) Importer(815301076,1909f56bfc062723c751e8b465ee728b)
Start importing Assets/Textures/TexturesCom_Wall_CobblestoneMixed13_2x2_1K_normal.tif using Guid(b809a284201ff4f4aa150bf298894d0c) Importer(815301076,1909f56bfc062723c751e8b465ee728b)  -> (artifact id: 'c27a3b8271c932add89b760f2b68907e') in 0.009957 seconds 
  Import took 0.013809 seconds .

========================================================================
Received Import Request.
  Time since last request: 3.746835 seconds.
  path: Assets/Textures/TexturesCom_Wall_CobblestoneMixed13_2x2_1K_roughness.tif
  artifactKey: Guid(c253a83b7e9f06044aaae1e25622c64f) Importer(815301076,1909f56bfc062723c751e8b465ee728b)
Start importing Assets/Textures/TexturesCom_Wall_CobblestoneMixed13_2x2_1K_roughness.tif using Guid(c253a83b7e9f06044aaae1e25622c64f) Importer(815301076,1909f56bfc062723c751e8b465ee728b)  -> (artifact id: '60d0724c0769fa9ae84bfcfbac0439b3') in 0.009683 seconds 
  Import took 0.013084 seconds .

========================================================================
Received Prepare
Registering precompiled user dll's ...
Registered in 0.011284 seconds.
Begin MonoManager ReloadAssembly
Native extension for WindowsStandalone target not found
Refreshing native plugins compatible for Editor in 0.42 ms, found 2 plugins.
Preloading 0 native plugins for Editor in 0.00 ms.
Mono: successfully reloaded assembly
- Completed reload, in  1.734 seconds
Domain Reload Profiling:
	ReloadAssembly (1735ms)
		BeginReloadAssembly (293ms)
			ExecutionOrderSort (0ms)
			DisableScriptedObjects (15ms)
			BackupInstance (0ms)
			ReleaseScriptingObjects (0ms)
			CreateAndSetChildDomain (83ms)
		EndReloadAssembly (1295ms)
			LoadAssemblies (181ms)
			RebuildTransferFunctionScriptingTraits (0ms)
			SetupTypeCache (442ms)
			ReleaseScriptCaches (1ms)
			RebuildScriptCaches (59ms)
			SetupLoadedEditorAssemblies (482ms)
				LogAssemblyErrors (0ms)
				InitializePlatformSupportModulesInManaged (8ms)
				SetLoadedEditorAssemblies (0ms)
				RefreshPlugins (0ms)
				BeforeProcessingInitializeOnLoad (119ms)
				ProcessInitializeOnLoadAttributes (337ms)
				ProcessInitializeOnLoadMethodAttributes (8ms)
				AfterProcessingInitializeOnLoad (9ms)
				EditorAssembliesLoaded (0ms)
			ExecutionOrderSort2 (0ms)
			AwakeInstancesAfterBackupRestoration (12ms)
Platform modules already initialized, skipping
Refreshing native plugins compatible for Editor in 0.37 ms, found 2 plugins.
Preloading 0 native plugins for Editor in 0.00 ms.
Unloading 1396 Unused Serialized files (Serialized files now loaded: 0)
System memory in use before: 68.2 MB.
System memory in use after: 68.3 MB.

Unloading 11 unused Assets to reduce memory usage. Loaded Objects now: 1852.
Total: 8.299800 ms (FindLiveObjects: 0.163600 ms CreateObjectMapping: 0.048000 ms MarkObjects: 8.011900 ms  DeleteObjects: 0.073800 ms)

AssetImportParameters requested are different than current active one (requested -> active):
  custom:framework-win-MediaFoundation: 216162199b28c13a410421893ffa2e32 -> 
  custom:video-decoder-ogg-theora: a1e56fd34408186e4bbccfd4996cb3dc -> 
  custom:container-muxer-webm: aa71ff27fc2769a1b78a27578f13a17b -> 
  custom:container-demuxer-webm: 4f35f7cbe854078d1ac9338744f61a02 -> 
  custom:container-demuxer-ogg: 62fdf1f143b41e24485cea50d1cbac27 -> 
  custom:video-encoder-webm-vp8: eb34c28f22e8b96e1ab97ce403110664 -> 
  custom:video-decoder-webm-vp8: 9c59270c3fd7afecdb556c50c9e8de78 -> 
  custom:audio-decoder-ogg-vorbis: bf7c407c2cedff20999df2af8eb42d56 -> 
  custom:audio-encoder-webm-vorbis: bf7c407c2cedff20999df2af8eb42d56 -> 
========================================================================
Received Prepare
Registering precompiled user dll's ...
Registered in 0.006334 seconds.
Begin MonoManager ReloadAssembly
Native extension for WindowsStandalone target not found
Refreshing native plugins compatible for Editor in 0.52 ms, found 2 plugins.
Preloading 0 native plugins for Editor in 0.00 ms.
Mono: successfully reloaded assembly
- Completed reload, in  1.522 seconds
Domain Reload Profiling:
	ReloadAssembly (1522ms)
		BeginReloadAssembly (135ms)
			ExecutionOrderSort (0ms)
			DisableScriptedObjects (7ms)
			BackupInstance (0ms)
			ReleaseScriptingObjects (0ms)
			CreateAndSetChildDomain (42ms)
		EndReloadAssembly (1309ms)
			LoadAssemblies (110ms)
			RebuildTransferFunctionScriptingTraits (0ms)
			SetupTypeCache (397ms)
			ReleaseScriptCaches (1ms)
			RebuildScriptCaches (64ms)
			SetupLoadedEditorAssemblies (535ms)
				LogAssemblyErrors (0ms)
				InitializePlatformSupportModulesInManaged (8ms)
				SetLoadedEditorAssemblies (1ms)
				RefreshPlugins (1ms)
				BeforeProcessingInitializeOnLoad (124ms)
				ProcessInitializeOnLoadAttributes (384ms)
				ProcessInitializeOnLoadMethodAttributes (7ms)
				AfterProcessingInitializeOnLoad (10ms)
				EditorAssembliesLoaded (0ms)
			ExecutionOrderSort2 (0ms)
			AwakeInstancesAfterBackupRestoration (10ms)
Platform modules already initialized, skipping
Refreshing native plugins compatible for Editor in 0.53 ms, found 2 plugins.
Preloading 0 native plugins for Editor in 0.00 ms.
Unloading 1397 Unused Serialized files (Serialized files now loaded: 0)
System memory in use before: 68.3 MB.
System memory in use after: 68.4 MB.

Unloading 11 unused Assets to reduce memory usage. Loaded Objects now: 1855.
Total: 4.276100 ms (FindLiveObjects: 0.174300 ms CreateObjectMapping: 0.051100 ms MarkObjects: 4.031500 ms  DeleteObjects: 0.018100 ms)

AssetImportParameters requested are different than current active one (requested -> active):
  custom:framework-win-MediaFoundation: 216162199b28c13a410421893ffa2e32 -> 
  custom:video-decoder-ogg-theora: a1e56fd34408186e4bbccfd4996cb3dc -> 
  custom:container-muxer-webm: aa71ff27fc2769a1b78a27578f13a17b -> 
  custom:container-demuxer-webm: 4f35f7cbe854078d1ac9338744f61a02 -> 
  custom:container-demuxer-ogg: 62fdf1f143b41e24485cea50d1cbac27 -> 
  custom:video-encoder-webm-vp8: eb34c28f22e8b96e1ab97ce403110664 -> 
  custom:video-decoder-webm-vp8: 9c59270c3fd7afecdb556c50c9e8de78 -> 
  custom:audio-decoder-ogg-vorbis: bf7c407c2cedff20999df2af8eb42d56 -> 
  custom:audio-encoder-webm-vorbis: bf7c407c2cedff20999df2af8eb42d56 -> 
========================================================================
Received Prepare
Registering precompiled user dll's ...
Registered in 0.004363 seconds.
Begin MonoManager ReloadAssembly
Native extension for WindowsStandalone target not found
Refreshing native plugins compatible for Editor in 1.30 ms, found 2 plugins.
Preloading 0 native plugins for Editor in 0.00 ms.
Mono: successfully reloaded assembly
- Completed reload, in  1.973 seconds
Domain Reload Profiling:
	ReloadAssembly (1974ms)
		BeginReloadAssembly (189ms)
			ExecutionOrderSort (0ms)
			DisableScriptedObjects (6ms)
			BackupInstance (0ms)
			ReleaseScriptingObjects (0ms)
			CreateAndSetChildDomain (67ms)
		EndReloadAssembly (1692ms)
			LoadAssemblies (118ms)
			RebuildTransferFunctionScriptingTraits (0ms)
			SetupTypeCache (548ms)
			ReleaseScriptCaches (2ms)
			RebuildScriptCaches (68ms)
			SetupLoadedEditorAssemblies (678ms)
				LogAssemblyErrors (0ms)
				InitializePlatformSupportModulesInManaged (24ms)
				SetLoadedEditorAssemblies (2ms)
				RefreshPlugins (2ms)
				BeforeProcessingInitializeOnLoad (256ms)
				ProcessInitializeOnLoadAttributes (374ms)
				ProcessInitializeOnLoadMethodAttributes (8ms)
				AfterProcessingInitializeOnLoad (11ms)
				EditorAssembliesLoaded (0ms)
			ExecutionOrderSort2 (0ms)
			AwakeInstancesAfterBackupRestoration (16ms)
Platform modules already initialized, skipping
Refreshing native plugins compatible for Editor in 0.36 ms, found 2 plugins.
Preloading 0 native plugins for Editor in 0.00 ms.
Unloading 1398 Unused Serialized files (Serialized files now loaded: 0)
System memory in use before: 68.3 MB.
System memory in use after: 68.4 MB.

Unloading 11 unused Assets to reduce memory usage. Loaded Objects now: 1858.
Total: 4.680700 ms (FindLiveObjects: 0.240700 ms CreateObjectMapping: 0.086300 ms MarkObjects: 4.328700 ms  DeleteObjects: 0.022600 ms)

AssetImportParameters requested are different than current active one (requested -> active):
  custom:framework-win-MediaFoundation: 216162199b28c13a410421893ffa2e32 -> 
  custom:video-decoder-ogg-theora: a1e56fd34408186e4bbccfd4996cb3dc -> 
  custom:container-muxer-webm: aa71ff27fc2769a1b78a27578f13a17b -> 
  custom:container-demuxer-webm: 4f35f7cbe854078d1ac9338744f61a02 -> 
  custom:container-demuxer-ogg: 62fdf1f143b41e24485cea50d1cbac27 -> 
  custom:video-encoder-webm-vp8: eb34c28f22e8b96e1ab97ce403110664 -> 
  custom:video-decoder-webm-vp8: 9c59270c3fd7afecdb556c50c9e8de78 -> 
  custom:audio-decoder-ogg-vorbis: bf7c407c2cedff20999df2af8eb42d56 -> 
  custom:audio-encoder-webm-vorbis: bf7c407c2cedff20999df2af8eb42d56 -> 
========================================================================
Received Prepare
Registering precompiled user dll's ...
Registered in 0.003062 seconds.
Begin MonoManager ReloadAssembly
Native extension for WindowsStandalone target not found
Refreshing native plugins compatible for Editor in 0.96 ms, found 2 plugins.
Preloading 0 native plugins for Editor in 0.00 ms.
Mono: successfully reloaded assembly
- Completed reload, in  2.085 seconds
Domain Reload Profiling:
	ReloadAssembly (2086ms)
		BeginReloadAssembly (196ms)
			ExecutionOrderSort (0ms)
			DisableScriptedObjects (17ms)
			BackupInstance (0ms)
			ReleaseScriptingObjects (0ms)
			CreateAndSetChildDomain (57ms)
		EndReloadAssembly (1794ms)
			LoadAssemblies (115ms)
			RebuildTransferFunctionScriptingTraits (0ms)
			SetupTypeCache (438ms)
			ReleaseScriptCaches (1ms)
			RebuildScriptCaches (168ms)
			SetupLoadedEditorAssemblies (706ms)
				LogAssemblyErrors (0ms)
				InitializePlatformSupportModulesInManaged (24ms)
				SetLoadedEditorAssemblies (2ms)
				RefreshPlugins (1ms)
				BeforeProcessingInitializeOnLoad (174ms)
				ProcessInitializeOnLoadAttributes (483ms)
				ProcessInitializeOnLoadMethodAttributes (9ms)
				AfterProcessingInitializeOnLoad (14ms)
				EditorAssembliesLoaded (0ms)
			ExecutionOrderSort2 (0ms)
			AwakeInstancesAfterBackupRestoration (14ms)
Platform modules already initialized, skipping
Refreshing native plugins compatible for Editor in 0.77 ms, found 2 plugins.
Preloading 0 native plugins for Editor in 0.00 ms.
Unloading 1398 Unused Serialized files (Serialized files now loaded: 0)
System memory in use before: 68.3 MB.
System memory in use after: 68.4 MB.

Unloading 11 unused Assets to reduce memory usage. Loaded Objects now: 1860.
Total: 6.311600 ms (FindLiveObjects: 0.245600 ms CreateObjectMapping: 0.092300 ms MarkObjects: 5.924100 ms  DeleteObjects: 0.047200 ms)

AssetImportParameters requested are different than current active one (requested -> active):
  custom:framework-win-MediaFoundation: 216162199b28c13a410421893ffa2e32 -> 
  custom:video-decoder-ogg-theora: a1e56fd34408186e4bbccfd4996cb3dc -> 
  custom:container-muxer-webm: aa71ff27fc2769a1b78a27578f13a17b -> 
  custom:container-demuxer-webm: 4f35f7cbe854078d1ac9338744f61a02 -> 
  custom:container-demuxer-ogg: 62fdf1f143b41e24485cea50d1cbac27 -> 
  custom:video-encoder-webm-vp8: eb34c28f22e8b96e1ab97ce403110664 -> 
  custom:video-decoder-webm-vp8: 9c59270c3fd7afecdb556c50c9e8de78 -> 
  custom:audio-decoder-ogg-vorbis: bf7c407c2cedff20999df2af8eb42d56 -> 
  custom:audio-encoder-webm-vorbis: bf7c407c2cedff20999df2af8eb42d56 -> 
========================================================================
Received Prepare
Registering precompiled user dll's ...
Registered in 0.002985 seconds.
Begin MonoManager ReloadAssembly
Native extension for WindowsStandalone target not found
Refreshing native plugins compatible for Editor in 1.69 ms, found 2 plugins.
Preloading 0 native plugins for Editor in 0.00 ms.
Mono: successfully reloaded assembly
- Completed reload, in  3.536 seconds
Domain Reload Profiling:
	ReloadAssembly (3537ms)
		BeginReloadAssembly (290ms)
			ExecutionOrderSort (0ms)
			DisableScriptedObjects (10ms)
			BackupInstance (0ms)
			ReleaseScriptingObjects (0ms)
			CreateAndSetChildDomain (68ms)
		EndReloadAssembly (2993ms)
			LoadAssemblies (292ms)
			RebuildTransferFunctionScriptingTraits (0ms)
			SetupTypeCache (1072ms)
			ReleaseScriptCaches (3ms)
			RebuildScriptCaches (144ms)
			SetupLoadedEditorAssemblies (1102ms)
				LogAssemblyErrors (0ms)
				InitializePlatformSupportModulesInManaged (21ms)
				SetLoadedEditorAssemblies (2ms)
				RefreshPlugins (2ms)
				BeforeProcessingInitializeOnLoad (315ms)
				ProcessInitializeOnLoadAttributes (745ms)
				ProcessInitializeOnLoadMethodAttributes (6ms)
				AfterProcessingInitializeOnLoad (11ms)
				EditorAssembliesLoaded (0ms)
			ExecutionOrderSort2 (0ms)
			AwakeInstancesAfterBackupRestoration (13ms)
Platform modules already initialized, skipping
Refreshing native plugins compatible for Editor in 0.92 ms, found 2 plugins.
Preloading 0 native plugins for Editor in 0.00 ms.
Unloading 1398 Unused Serialized files (Serialized files now loaded: 0)
System memory in use before: 68.3 MB.
System memory in use after: 68.4 MB.

Unloading 11 unused Assets to reduce memory usage. Loaded Objects now: 1862.
Total: 10.475300 ms (FindLiveObjects: 0.538700 ms CreateObjectMapping: 0.166200 ms MarkObjects: 9.700600 ms  DeleteObjects: 0.066600 ms)

AssetImportParameters requested are different than current active one (requested -> active):
  custom:framework-win-MediaFoundation: 216162199b28c13a410421893ffa2e32 -> 
  custom:video-decoder-ogg-theora: a1e56fd34408186e4bbccfd4996cb3dc -> 
  custom:container-muxer-webm: aa71ff27fc2769a1b78a27578f13a17b -> 
  custom:container-demuxer-webm: 4f35f7cbe854078d1ac9338744f61a02 -> 
  custom:container-demuxer-ogg: 62fdf1f143b41e24485cea50d1cbac27 -> 
  custom:video-encoder-webm-vp8: eb34c28f22e8b96e1ab97ce403110664 -> 
  custom:video-decoder-webm-vp8: 9c59270c3fd7afecdb556c50c9e8de78 -> 
  custom:audio-decoder-ogg-vorbis: bf7c407c2cedff20999df2af8eb42d56 -> 
  custom:audio-encoder-webm-vorbis: bf7c407c2cedff20999df2af8eb42d56 -> 
========================================================================
Received Import Request.
  Time since last request: 2865.986755 seconds.
  path: Assets/Prefaps/Node.prefab
  artifactKey: Guid(1bd712f569999434f8b7e360cec73b4a) Importer(815301076,1909f56bfc062723c751e8b465ee728b)
Start importing Assets/Prefaps/Node.prefab using Guid(1bd712f569999434f8b7e360cec73b4a) Importer(815301076,1909f56bfc062723c751e8b465ee728b)  -> (artifact id: 'beb17a531fc7e09e6274c31c6f506c4c') in 0.092720 seconds 
  Import took 0.095714 seconds .

========================================================================
Received Prepare
Registering precompiled user dll's ...
Registered in 0.010901 seconds.
Begin MonoManager ReloadAssembly
Native extension for WindowsStandalone target not found
Refreshing native plugins compatible for Editor in 0.33 ms, found 2 plugins.
Preloading 0 native plugins for Editor in 0.00 ms.
Mono: successfully reloaded assembly
- Completed reload, in  1.416 seconds
Domain Reload Profiling:
	ReloadAssembly (1417ms)
		BeginReloadAssembly (340ms)
			ExecutionOrderSort (0ms)
			DisableScriptedObjects (20ms)
			BackupInstance (0ms)
			ReleaseScriptingObjects (0ms)
			CreateAndSetChildDomain (117ms)
		EndReloadAssembly (905ms)
			LoadAssemblies (187ms)
			RebuildTransferFunctionScriptingTraits (0ms)
			SetupTypeCache (337ms)
			ReleaseScriptCaches (1ms)
			RebuildScriptCaches (47ms)
			SetupLoadedEditorAssemblies (285ms)
				LogAssemblyErrors (0ms)
				InitializePlatformSupportModulesInManaged (6ms)
				SetLoadedEditorAssemblies (1ms)
				RefreshPlugins (0ms)
				BeforeProcessingInitializeOnLoad (75ms)
				ProcessInitializeOnLoadAttributes (192ms)
				ProcessInitializeOnLoadMethodAttributes (4ms)
				AfterProcessingInitializeOnLoad (6ms)
				EditorAssembliesLoaded (0ms)
			ExecutionOrderSort2 (0ms)
			AwakeInstancesAfterBackupRestoration (7ms)
Platform modules already initialized, skipping
Refreshing native plugins compatible for Editor in 0.29 ms, found 2 plugins.
Preloading 0 native plugins for Editor in 0.00 ms.
Unloading 1398 Unused Serialized files (Serialized files now loaded: 0)
System memory in use before: 68.3 MB.
System memory in use after: 68.4 MB.

Unloading 11 unused Assets to reduce memory usage. Loaded Objects now: 1865.
Total: 2.685100 ms (FindLiveObjects: 0.126900 ms CreateObjectMapping: 0.038600 ms MarkObjects: 2.504700 ms  DeleteObjects: 0.013500 ms)

AssetImportParameters requested are different than current active one (requested -> active):
  custom:framework-win-MediaFoundation: 216162199b28c13a410421893ffa2e32 -> 
  custom:video-decoder-ogg-theora: a1e56fd34408186e4bbccfd4996cb3dc -> 
  custom:container-muxer-webm: aa71ff27fc2769a1b78a27578f13a17b -> 
  custom:container-demuxer-webm: 4f35f7cbe854078d1ac9338744f61a02 -> 
  custom:container-demuxer-ogg: 62fdf1f143b41e24485cea50d1cbac27 -> 
  custom:video-encoder-webm-vp8: eb34c28f22e8b96e1ab97ce403110664 -> 
  custom:video-decoder-webm-vp8: 9c59270c3fd7afecdb556c50c9e8de78 -> 
  custom:audio-decoder-ogg-vorbis: bf7c407c2cedff20999df2af8eb42d56 -> 
  custom:audio-encoder-webm-vorbis: bf7c407c2cedff20999df2af8eb42d56 -> 
========================================================================
Received Prepare
Registering precompiled user dll's ...
Registered in 0.002744 seconds.
Begin MonoManager ReloadAssembly
Native extension for WindowsStandalone target not found
Refreshing native plugins compatible for Editor in 0.30 ms, found 2 plugins.
Preloading 0 native plugins for Editor in 0.00 ms.
Mono: successfully reloaded assembly
- Completed reload, in  0.918 seconds
Domain Reload Profiling:
	ReloadAssembly (918ms)
		BeginReloadAssembly (109ms)
			ExecutionOrderSort (0ms)
			DisableScriptedObjects (5ms)
			BackupInstance (0ms)
			ReleaseScriptingObjects (0ms)
			CreateAndSetChildDomain (32ms)
		EndReloadAssembly (749ms)
			LoadAssemblies (84ms)
			RebuildTransferFunctionScriptingTraits (0ms)
			SetupTypeCache (250ms)
			ReleaseScriptCaches (1ms)
			RebuildScriptCaches (44ms)
			SetupLoadedEditorAssemblies (274ms)
				LogAssemblyErrors (0ms)
				InitializePlatformSupportModulesInManaged (5ms)
				SetLoadedEditorAssemblies (0ms)
				RefreshPlugins (0ms)
				BeforeProcessingInitializeOnLoad (69ms)
				ProcessInitializeOnLoadAttributes (189ms)
				ProcessInitializeOnLoadMethodAttributes (4ms)
				AfterProcessingInitializeOnLoad (6ms)
				EditorAssembliesLoaded (0ms)
			ExecutionOrderSort2 (0ms)
			AwakeInstancesAfterBackupRestoration (7ms)
Platform modules already initialized, skipping
Refreshing native plugins compatible for Editor in 0.31 ms, found 2 plugins.
Preloading 0 native plugins for Editor in 0.00 ms.
Unloading 1398 Unused Serialized files (Serialized files now loaded: 0)
System memory in use before: 68.3 MB.
System memory in use after: 68.4 MB.

Unloading 11 unused Assets to reduce memory usage. Loaded Objects now: 1867.
Total: 3.096500 ms (FindLiveObjects: 0.146000 ms CreateObjectMapping: 0.048100 ms MarkObjects: 2.886100 ms  DeleteObjects: 0.015300 ms)

AssetImportParameters requested are different than current active one (requested -> active):
  custom:framework-win-MediaFoundation: 216162199b28c13a410421893ffa2e32 -> 
  custom:video-decoder-ogg-theora: a1e56fd34408186e4bbccfd4996cb3dc -> 
  custom:container-muxer-webm: aa71ff27fc2769a1b78a27578f13a17b -> 
  custom:container-demuxer-webm: 4f35f7cbe854078d1ac9338744f61a02 -> 
  custom:container-demuxer-ogg: 62fdf1f143b41e24485cea50d1cbac27 -> 
  custom:video-encoder-webm-vp8: eb34c28f22e8b96e1ab97ce403110664 -> 
  custom:video-decoder-webm-vp8: 9c59270c3fd7afecdb556c50c9e8de78 -> 
  custom:audio-decoder-ogg-vorbis: bf7c407c2cedff20999df2af8eb42d56 -> 
  custom:audio-encoder-webm-vorbis: bf7c407c2cedff20999df2af8eb42d56 -> 
AssetImportWorkerClient::OnTransportError - code=2 error=End of file
